# JRE version: Java(TM) SE Runtime Environment (8.0_211-b12) (build 1.8.0_211-b12)
# Java VM: Java HotSpot(TM) 64-Bit Server VM (25.211-b12 mixed mode windows-amd64 compressed oops)
Heap:
 PSYoungGen      total 186880K, used 168225K [0x00000000d6380000, 0x00000000e2980000, 0x0000000100000000)
  eden space 174080K, 89% used [0x00000000d6380000,0x00000000dfc10920,0x00000000e0d80000)
  from space 12800K, 93% used [0x00000000e1c00000,0x00000000e27b7eb8,0x00000000e2880000)
  to   space 14336K, 0% used [0x00000000e0d80000,0x00000000e0d80000,0x00000000e1b80000)
 ParOldGen       total 94208K, used 21752K [0x0000000082a00000, 0x0000000088600000, 0x00000000d6380000)
  object space 94208K, 23% used [0x0000000082a00000,0x0000000083f3e008,0x0000000088600000)
 Metaspace       used 48250K, capacity 48646K, committed 49152K, reserved 1091584K
  class space    used 6207K, capacity 6342K, committed 6400K, reserved 1048576K
GC Heap History (10 events):
Event: 6.363 GC heap before
{Heap before GC invocations=10 (full 1):
 PSYoungGen      total 109568K, used 108476K [0x00000000d6380000, 0x00000000ddb00000, 0x0000000100000000)
  eden space 103936K, 100% used [0x00000000d6380000,0x00000000dc900000,0x00000000dc900000)
  from space 5632K, 80% used [0x00000000dd580000,0x00000000dd9ef3d0,0x00000000ddb00000)
  to   space 9216K, 0% used [0x00000000dc900000,0x00000000dc900000,0x00000000dd200000)
 ParOldGen       total 53760K, used 6485K [0x0000000082a00000, 0x0000000085e80000, 0x00000000d6380000)
  object space 53760K, 12% used [0x0000000082a00000,0x00000000830555a0,0x0000000085e80000)
 Metaspace       used 30095K, capacity 30454K, committed 30720K, reserved 1077248K
  class space    used 3722K, capacity 3812K, committed 3840K, reserved 1048576K
Event: 6.372 GC heap after
Heap after GC invocations=10 (full 1):
 PSYoungGen      total 113152K, used 9197K [0x00000000d6380000, 0x00000000e0200000, 0x0000000100000000)
  eden space 103936K, 0% used [0x00000000d6380000,0x00000000d6380000,0x00000000dc900000)
  from space 9216K, 99% used [0x00000000dc900000,0x00000000dd1fb438,0x00000000dd200000)
  to   space 12288K, 0% used [0x00000000df600000,0x00000000df600000,0x00000000e0200000)
 ParOldGen       total 53760K, used 10764K [0x0000000082a00000, 0x0000000085e80000, 0x00000000d6380000)
  object space 53760K, 20% used [0x0000000082a00000,0x00000000834830c8,0x0000000085e80000)
 Metaspace       used 30095K, capacity 30454K, committed 30720K, reserved 1077248K
  class space    used 3722K, capacity 3812K, committed 3840K, reserved 1048576K
}
Event: 7.156 GC heap before
{Heap before GC invocations=11 (full 1):
 PSYoungGen      total 113152K, used 113133K [0x00000000d6380000, 0x00000000e0200000, 0x0000000100000000)
  eden space 103936K, 100% used [0x00000000d6380000,0x00000000dc900000,0x00000000dc900000)
  from space 9216K, 99% used [0x00000000dc900000,0x00000000dd1fb438,0x00000000dd200000)
  to   space 12288K, 0% used [0x00000000df600000,0x00000000df600000,0x00000000e0200000)
 ParOldGen       total 53760K, used 10764K [0x0000000082a00000, 0x0000000085e80000, 0x00000000d6380000)
  object space 53760K, 20% used [0x0000000082a00000,0x00000000834830c8,0x0000000085e80000)
 Metaspace       used 32184K, capacity 32572K, committed 32768K, reserved 1077248K
  class space    used 3978K, capacity 4069K, committed 4096K, reserved 1048576K
Event: 7.167 GC heap after
Heap after GC invocations=11 (full 1):
 PSYoungGen      total 148992K, used 11531K [0x00000000d6380000, 0x00000000e0300000, 0x0000000100000000)
  eden space 136704K, 0% used [0x00000000d6380000,0x00000000d6380000,0x00000000de900000)
  from space 12288K, 93% used [0x00000000df600000,0x00000000e0142e00,0x00000000e0200000)
  to   space 13312K, 0% used [0x00000000de900000,0x00000000de900000,0x00000000df600000)
 ParOldGen       total 53760K, used 12754K [0x0000000082a00000, 0x0000000085e80000, 0x00000000d6380000)
  object space 53760K, 23% used [0x0000000082a00000,0x0000000083674940,0x0000000085e80000)
 Metaspace       used 32184K, capacity 32572K, committed 32768K, reserved 1077248K
  class space    used 3978K, capacity 4069K, committed 4096K, reserved 1048576K
}
Event: 8.270 GC heap before
{Heap before GC invocations=12 (full 1):
 PSYoungGen      total 148992K, used 61869K [0x00000000d6380000, 0x00000000e0300000, 0x0000000100000000)
  eden space 136704K, 36% used [0x00000000d6380000,0x00000000d94a88c0,0x00000000de900000)
  from space 12288K, 93% used [0x00000000df600000,0x00000000e0142e00,0x00000000e0200000)
  to   space 13312K, 0% used [0x00000000de900000,0x00000000de900000,0x00000000df600000)
 ParOldGen       total 53760K, used 12754K [0x0000000082a00000, 0x0000000085e80000, 0x00000000d6380000)
  object space 53760K, 23% used [0x0000000082a00000,0x0000000083674940,0x0000000085e80000)
 Metaspace       used 34853K, capacity 35252K, committed 35456K, reserved 1081344K
  class space    used 4312K, capacity 4425K, committed 4480K, reserved 1048576K
Event: 8.277 GC heap after
Heap after GC invocations=12 (full 1):
 PSYoungGen      total 150016K, used 6163K [0x00000000d6380000, 0x00000000e2880000, 0x0000000100000000)
  eden space 136704K, 0% used [0x00000000d6380000,0x00000000d6380000,0x00000000de900000)
  from space 13312K, 46% used [0x00000000de900000,0x00000000def04ce8,0x00000000df600000)
  to   space 12800K, 0% used [0x00000000e1c00000,0x00000000e1c00000,0x00000000e2880000)
 ParOldGen       total 53760K, used 19785K [0x0000000082a00000, 0x0000000085e80000, 0x00000000d6380000)
  object space 53760K, 36% used [0x0000000082a00000,0x0000000083d52420,0x0000000085e80000)
 Metaspace       used 34853K, capacity 35252K, committed 35456K, reserved 1081344K
  class space    used 4312K, capacity 4425K, committed 4480K, reserved 1048576K
}
Event: 8.277 GC heap before
{Heap before GC invocations=13 (full 2):
 PSYoungGen      total 150016K, used 6163K [0x00000000d6380000, 0x00000000e2880000, 0x0000000100000000)
  eden space 136704K, 0% used [0x00000000d6380000,0x00000000d6380000,0x00000000de900000)
  from space 13312K, 46% used [0x00000000de900000,0x00000000def04ce8,0x00000000df600000)
  to   space 12800K, 0% used [0x00000000e1c00000,0x00000000e1c00000,0x00000000e2880000)
 ParOldGen       total 53760K, used 19785K [0x0000000082a00000, 0x0000000085e80000, 0x00000000d6380000)
  object space 53760K, 36% used [0x0000000082a00000,0x0000000083d52420,0x0000000085e80000)
 Metaspace       used 34853K, capacity 35252K, committed 35456K, reserved 1081344K
  class space    used 4312K, capacity 4425K, committed 4480K, reserved 1048576K
Event: 8.340 GC heap after
Heap after GC invocations=13 (full 2):
 PSYoungGen      total 150016K, used 0K [0x00000000d6380000, 0x00000000e2880000, 0x0000000100000000)
  eden space 136704K, 0% used [0x00000000d6380000,0x00000000d6380000,0x00000000de900000)
  from space 13312K, 0% used [0x00000000de900000,0x00000000de900000,0x00000000df600000)
  to   space 12800K, 0% used [0x00000000e1c00000,0x00000000e1c00000,0x00000000e2880000)
 ParOldGen       total 94208K, used 21744K [0x0000000082a00000, 0x0000000088600000, 0x00000000d6380000)
  object space 94208K, 23% used [0x0000000082a00000,0x0000000083f3c008,0x0000000088600000)
 Metaspace       used 34853K, capacity 35252K, committed 35456K, reserved 1081344K
  class space    used 4312K, capacity 4425K, committed 4480K, reserved 1048576K
}
Event: 10.204 GC heap before
{Heap before GC invocations=14 (full 2):
 PSYoungGen      total 150016K, used 136704K [0x00000000d6380000, 0x00000000e2880000, 0x0000000100000000)
  eden space 136704K, 100% used [0x00000000d6380000,0x00000000de900000,0x00000000de900000)
  from space 13312K, 0% used [0x00000000de900000,0x00000000de900000,0x00000000df600000)
  to   space 12800K, 0% used [0x00000000e1c00000,0x00000000e1c00000,0x00000000e2880000)
 ParOldGen       total 94208K, used 21744K [0x0000000082a00000, 0x0000000088600000, 0x00000000d6380000)
  object space 94208K, 23% used [0x0000000082a00000,0x0000000083f3c008,0x0000000088600000)
 Metaspace       used 44155K, capacity 44606K, committed 44800K, reserved 1087488K
  class space    used 5736K, capacity 5872K, committed 5888K, reserved 1048576K
Event: 10.216 GC heap after
Heap after GC invocations=14 (full 2):
 PSYoungGen      total 186880K, used 11999K [0x00000000d6380000, 0x00000000e2980000, 0x0000000100000000)
  eden space 174080K, 0% used [0x00000000d6380000,0x00000000d6380000,0x00000000e0d80000)
  from space 12800K, 93% used [0x00000000e1c00000,0x00000000e27b7eb8,0x00000000e2880000)
  to   space 14336K, 0% used [0x00000000e0d80000,0x00000000e0d80000,0x00000000e1b80000)
 ParOldGen       total 94208K, used 21752K [0x0000000082a00000, 0x0000000088600000, 0x00000000d6380000)
  object space 94208K, 23% used [0x0000000082a00000,0x0000000083f3e008,0x0000000088600000)
 Metaspace       used 44155K, capacity 44606K, committed 44800K, reserved 1087488K
  class space    used 5736K, capacity 5872K, committed 5888K, reserved 1048576K
}

