# JRE version: Java(TM) SE Runtime Environment (8.0_211-b12) (build 1.8.0_211-b12)
# Java VM: Java HotSpot(TM) 64-Bit Server VM (25.211-b12 mixed mode windows-amd64 compressed oops)
Heap:
 PSYoungGen      total 136192K, used 88663K [0x00000000d6380000, 0x00000000e3080000, 0x0000000100000000)
  eden space 131072K, 63% used [0x00000000d6380000,0x00000000db51a1b0,0x00000000de380000)
  from space 5120K, 99% used [0x00000000de380000,0x00000000de87bd80,0x00000000de880000)
  to   space 10752K, 0% used [0x00000000e2600000,0x00000000e2600000,0x00000000e3080000)
 ParOldGen       total 63488K, used 8550K [0x0000000082a00000, 0x0000000086800000, 0x00000000d6380000)
  object space 63488K, 13% used [0x0000000082a00000,0x0000000083259880,0x0000000086800000)
 Metaspace       used 27107K, capacity 27442K, committed 27776K, reserved 1073152K
  class space    used 3355K, capacity 3428K, committed 3456K, reserved 1048576K
GC Heap History (10 events):
Event: 0.634 GC heap before
{Heap before GC invocations=2 (full 0):
 PSYoungGen      total 37888K, used 36618K [0x00000000d6380000, 0x00000000dad80000, 0x0000000100000000)
  eden space 32768K, 100% used [0x00000000d6380000,0x00000000d8380000,0x00000000d8380000)
  from space 5120K, 75% used [0x00000000d8380000,0x00000000d8742890,0x00000000d8880000)
  to   space 5120K, 0% used [0x00000000da880000,0x00000000da880000,0x00000000dad80000)
 ParOldGen       total 86016K, used 8K [0x0000000082a00000, 0x0000000087e00000, 0x00000000d6380000)
  object space 86016K, 0% used [0x0000000082a00000,0x0000000082a02000,0x0000000087e00000)
 Metaspace       used 8979K, capacity 9040K, committed 9088K, reserved 1056768K
  class space    used 1126K, capacity 1141K, committed 1152K, reserved 1048576K
Event: 0.637 GC heap after
Heap after GC invocations=2 (full 0):
 PSYoungGen      total 70656K, used 4172K [0x00000000d6380000, 0x00000000dad80000, 0x0000000100000000)
  eden space 65536K, 0% used [0x00000000d6380000,0x00000000d6380000,0x00000000da380000)
  from space 5120K, 81% used [0x00000000da880000,0x00000000dac930a8,0x00000000dad80000)
  to   space 5120K, 0% used [0x00000000da380000,0x00000000da380000,0x00000000da880000)
 ParOldGen       total 86016K, used 16K [0x0000000082a00000, 0x0000000087e00000, 0x00000000d6380000)
  object space 86016K, 0% used [0x0000000082a00000,0x0000000082a04000,0x0000000087e00000)
 Metaspace       used 8979K, capacity 9040K, committed 9088K, reserved 1056768K
  class space    used 1126K, capacity 1141K, committed 1152K, reserved 1048576K
}
Event: 0.986 GC heap before
{Heap before GC invocations=3 (full 0):
 PSYoungGen      total 70656K, used 69708K [0x00000000d6380000, 0x00000000dad80000, 0x0000000100000000)
  eden space 65536K, 100% used [0x00000000d6380000,0x00000000da380000,0x00000000da380000)
  from space 5120K, 81% used [0x00000000da880000,0x00000000dac930a8,0x00000000dad80000)
  to   space 5120K, 0% used [0x00000000da380000,0x00000000da380000,0x00000000da880000)
 ParOldGen       total 86016K, used 16K [0x0000000082a00000, 0x0000000087e00000, 0x00000000d6380000)
  object space 86016K, 0% used [0x0000000082a00000,0x0000000082a04000,0x0000000087e00000)
 Metaspace       used 18691K, capacity 18904K, committed 19072K, reserved 1067008K
  class space    used 2256K, capacity 2316K, committed 2432K, reserved 1048576K
Event: 0.994 GC heap after
Heap after GC invocations=3 (full 0):
 PSYoungGen      total 70656K, used 5088K [0x00000000d6380000, 0x00000000ded80000, 0x0000000100000000)
  eden space 65536K, 0% used [0x00000000d6380000,0x00000000d6380000,0x00000000da380000)
  from space 5120K, 99% used [0x00000000da380000,0x00000000da878020,0x00000000da880000)
  to   space 5120K, 0% used [0x00000000de880000,0x00000000de880000,0x00000000ded80000)
 ParOldGen       total 86016K, used 6508K [0x0000000082a00000, 0x0000000087e00000, 0x00000000d6380000)
  object space 86016K, 7% used [0x0000000082a00000,0x000000008305b1c8,0x0000000087e00000)
 Metaspace       used 18691K, capacity 18904K, committed 19072K, reserved 1067008K
  class space    used 2256K, capacity 2316K, committed 2432K, reserved 1048576K
}
Event: 1.227 GC heap before
{Heap before GC invocations=4 (full 0):
 PSYoungGen      total 70656K, used 48500K [0x00000000d6380000, 0x00000000ded80000, 0x0000000100000000)
  eden space 65536K, 66% used [0x00000000d6380000,0x00000000d8de52e0,0x00000000da380000)
  from space 5120K, 99% used [0x00000000da380000,0x00000000da878020,0x00000000da880000)
  to   space 5120K, 0% used [0x00000000de880000,0x00000000de880000,0x00000000ded80000)
 ParOldGen       total 86016K, used 6508K [0x0000000082a00000, 0x0000000087e00000, 0x00000000d6380000)
  object space 86016K, 7% used [0x0000000082a00000,0x000000008305b1c8,0x0000000087e00000)
 Metaspace       used 20899K, capacity 21130K, committed 21296K, reserved 1069056K
  class space    used 2519K, capacity 2629K, committed 2688K, reserved 1048576K
Event: 1.232 GC heap after
Heap after GC invocations=4 (full 0):
 PSYoungGen      total 136192K, used 5092K [0x00000000d6380000, 0x00000000ded80000, 0x0000000100000000)
  eden space 131072K, 0% used [0x00000000d6380000,0x00000000d6380000,0x00000000de380000)
  from space 5120K, 99% used [0x00000000de880000,0x00000000ded790a0,0x00000000ded80000)
  to   space 5120K, 0% used [0x00000000de380000,0x00000000de380000,0x00000000de880000)
 ParOldGen       total 86016K, used 8931K [0x0000000082a00000, 0x0000000087e00000, 0x00000000d6380000)
  object space 86016K, 10% used [0x0000000082a00000,0x00000000832b8dd8,0x0000000087e00000)
 Metaspace       used 20899K, capacity 21130K, committed 21296K, reserved 1069056K
  class space    used 2519K, capacity 2629K, committed 2688K, reserved 1048576K
}
Event: 1.232 GC heap before
{Heap before GC invocations=5 (full 1):
 PSYoungGen      total 136192K, used 5092K [0x00000000d6380000, 0x00000000ded80000, 0x0000000100000000)
  eden space 131072K, 0% used [0x00000000d6380000,0x00000000d6380000,0x00000000de380000)
  from space 5120K, 99% used [0x00000000de880000,0x00000000ded790a0,0x00000000ded80000)
  to   space 5120K, 0% used [0x00000000de380000,0x00000000de380000,0x00000000de880000)
 ParOldGen       total 86016K, used 8931K [0x0000000082a00000, 0x0000000087e00000, 0x00000000d6380000)
  object space 86016K, 10% used [0x0000000082a00000,0x00000000832b8dd8,0x0000000087e00000)
 Metaspace       used 20899K, capacity 21130K, committed 21296K, reserved 1069056K
  class space    used 2519K, capacity 2629K, committed 2688K, reserved 1048576K
Event: 1.257 GC heap after
Heap after GC invocations=5 (full 1):
 PSYoungGen      total 136192K, used 0K [0x00000000d6380000, 0x00000000ded80000, 0x0000000100000000)
  eden space 131072K, 0% used [0x00000000d6380000,0x00000000d6380000,0x00000000de380000)
  from space 5120K, 0% used [0x00000000de880000,0x00000000de880000,0x00000000ded80000)
  to   space 5120K, 0% used [0x00000000de380000,0x00000000de380000,0x00000000de880000)
 ParOldGen       total 63488K, used 7610K [0x0000000082a00000, 0x0000000086800000, 0x00000000d6380000)
  object space 63488K, 11% used [0x0000000082a00000,0x000000008316e840,0x0000000086800000)
 Metaspace       used 20899K, capacity 21130K, committed 21296K, reserved 1069056K
  class space    used 2519K, capacity 2629K, committed 2688K, reserved 1048576K
}
Event: 1.925 GC heap before
{Heap before GC invocations=6 (full 1):
 PSYoungGen      total 136192K, used 131072K [0x00000000d6380000, 0x00000000ded80000, 0x0000000100000000)
  eden space 131072K, 100% used [0x00000000d6380000,0x00000000de380000,0x00000000de380000)
  from space 5120K, 0% used [0x00000000de880000,0x00000000de880000,0x00000000ded80000)
  to   space 5120K, 0% used [0x00000000de380000,0x00000000de380000,0x00000000de880000)
 ParOldGen       total 63488K, used 7610K [0x0000000082a00000, 0x0000000086800000, 0x00000000d6380000)
  object space 63488K, 11% used [0x0000000082a00000,0x000000008316e840,0x0000000086800000)
 Metaspace       used 23846K, capacity 24210K, committed 24320K, reserved 1071104K
  class space    used 2936K, capacity 3028K, committed 3072K, reserved 1048576K
Event: 1.930 GC heap after
Heap after GC invocations=6 (full 1):
 PSYoungGen      total 136192K, used 5103K [0x00000000d6380000, 0x00000000e3080000, 0x0000000100000000)
  eden space 131072K, 0% used [0x00000000d6380000,0x00000000d6380000,0x00000000de380000)
  from space 5120K, 99% used [0x00000000de380000,0x00000000de87bd80,0x00000000de880000)
  to   space 10752K, 0% used [0x00000000e2600000,0x00000000e2600000,0x00000000e3080000)
 ParOldGen       total 63488K, used 8550K [0x0000000082a00000, 0x0000000086800000, 0x00000000d6380000)
  object space 63488K, 13% used [0x0000000082a00000,0x0000000083259880,0x0000000086800000)
 Metaspace       used 23846K, capacity 24210K, committed 24320K, reserved 1071104K
  class space    used 2936K, capacity 3028K, committed 3072K, reserved 1048576K
}

